<?xml version="1.0" encoding="UTF-8"?>
<testng-results ignored="0" total="1" passed="1" failed="0" skipped="0">
  <reporter-output>
  </reporter-output>
  <suite started-at="2026-04-02T15:18:36 IST" name="Default suite" finished-at="2026-04-02T15:19:16 IST" duration-ms="39235">
    <groups>
    </groups>
    <test started-at="2026-04-02T15:18:36 IST" name="Default test" finished-at="2026-04-02T15:19:16 IST" duration-ms="39235">
      <class name="com.task.Myfirst">
        <test-method signature="selecthotel()[pri:0, instance:com.task.Myfirst@77847718]" started-at="2026-04-02T15:18:37 IST" name="selecthotel" finished-at="2026-04-02T15:19:16 IST" duration-ms="38995" status="PASS">
          <reporter-output>
          </reporter-output>
        </test-method> <!-- selecthotel -->
      </class> <!-- com.task.Myfirst -->
    </test> <!-- Default test -->
  </suite> <!-- Default suite -->
</testng-results>
